# JRE version: OpenJDK Runtime Environment Temurin-17.0.16+8 (17.0.16+8) (build 17.0.16+8)
# Java VM: OpenJDK 64-Bit Server VM Temurin-17.0.16+8 (17.0.16+8, mixed mode, sharing, tiered, compressed oops, compressed class ptrs, g1 gc, windows-amd64)
GC Precious Log:
 CPUs: 12 total, 12 available
 Memory: 7582M
 Large Page Support: Disabled
 NUMA Support: Disabled
 Compressed Oops: Enabled (32-bit)
 Heap Region Size: 1M
 Heap Min Capacity: 8M
 Heap Initial Capacity: 120M
 Heap Max Capacity: 1896M
 Pre-touch: Disabled
 Parallel Workers: 10
 Concurrent Workers: 3
 Concurrent Refinement Workers: 10
 Periodic GC: Disabled
Heap:
 garbage-first heap   total 98304K, used 56376K [0x0000000089800000, 0x0000000100000000)
  region size 1024K, 47 young (48128K), 1 survivors (1024K)
 Metaspace       used 25230K, committed 25664K, reserved 1114112K
  class space    used 3064K, committed 3264K, reserved 1048576K
GC Heap History (16 events):
Event: 2.319 GC heap before
{Heap before GC invocations=0 (full 0):
 garbage-first heap   total 122880K, used 23552K [0x0000000089800000, 0x0000000100000000)
  region size 1024K, 23 young (23552K), 0 survivors (0K)
 Metaspace       used 3533K, committed 3776K, reserved 1114112K
  class space    used 371K, committed 512K, reserved 1048576K
}
Event: 2.327 GC heap after
{Heap after GC invocations=1 (full 0):
 garbage-first heap   total 122880K, used 2528K [0x0000000089800000, 0x0000000100000000)
  region size 1024K, 3 young (3072K), 3 survivors (3072K)
 Metaspace       used 3533K, committed 3776K, reserved 1114112K
  class space    used 371K, committed 512K, reserved 1048576K
}
Event: 3.397 GC heap before
{Heap before GC invocations=1 (full 0):
 garbage-first heap   total 122880K, used 36320K [0x0000000089800000, 0x0000000100000000)
  region size 1024K, 36 young (36864K), 3 survivors (3072K)
 Metaspace       used 7577K, committed 7872K, reserved 1114112K
  class space    used 935K, committed 1088K, reserved 1048576K
}
Event: 3.405 GC heap after
{Heap after GC invocations=2 (full 0):
 garbage-first heap   total 122880K, used 4036K [0x0000000089800000, 0x0000000100000000)
  region size 1024K, 4 young (4096K), 4 survivors (4096K)
 Metaspace       used 7577K, committed 7872K, reserved 1114112K
  class space    used 935K, committed 1088K, reserved 1048576K
}
Event: 5.020 GC heap before
{Heap before GC invocations=2 (full 0):
 garbage-first heap   total 122880K, used 73668K [0x0000000089800000, 0x0000000100000000)
  region size 1024K, 72 young (73728K), 4 survivors (4096K)
 Metaspace       used 13259K, committed 13568K, reserved 1114112K
  class space    used 1665K, committed 1792K, reserved 1048576K
}
Event: 5.039 GC heap after
{Heap after GC invocations=3 (full 0):
 garbage-first heap   total 122880K, used 6474K [0x0000000089800000, 0x0000000100000000)
  region size 1024K, 7 young (7168K), 7 survivors (7168K)
 Metaspace       used 13259K, committed 13568K, reserved 1114112K
  class space    used 1665K, committed 1792K, reserved 1048576K
}
Event: 6.332 GC heap before
{Heap before GC invocations=3 (full 0):
 garbage-first heap   total 122880K, used 63818K [0x0000000089800000, 0x0000000100000000)
  region size 1024K, 64 young (65536K), 7 survivors (7168K)
 Metaspace       used 21119K, committed 21504K, reserved 1114112K
  class space    used 2554K, committed 2752K, reserved 1048576K
}
Event: 6.351 GC heap after
{Heap after GC invocations=4 (full 0):
 garbage-first heap   total 122880K, used 9072K [0x0000000089800000, 0x0000000100000000)
  region size 1024K, 7 young (7168K), 7 survivors (7168K)
 Metaspace       used 21119K, committed 21504K, reserved 1114112K
  class space    used 2554K, committed 2752K, reserved 1048576K
}
Event: 6.492 GC heap before
{Heap before GC invocations=5 (full 0):
 garbage-first heap   total 37888K, used 26480K [0x0000000089800000, 0x0000000100000000)
  region size 1024K, 25 young (25600K), 7 survivors (7168K)
 Metaspace       used 21228K, committed 21632K, reserved 1114112K
  class space    used 2561K, committed 2752K, reserved 1048576K
}
Event: 6.510 GC heap after
{Heap after GC invocations=6 (full 0):
 garbage-first heap   total 37888K, used 10530K [0x0000000089800000, 0x0000000100000000)
  region size 1024K, 5 young (5120K), 5 survivors (5120K)
 Metaspace       used 21228K, committed 21632K, reserved 1114112K
  class space    used 2561K, committed 2752K, reserved 1048576K
}
Event: 6.514 GC heap before
{Heap before GC invocations=6 (full 0):
 garbage-first heap   total 37888K, used 11554K [0x0000000089800000, 0x0000000100000000)
  region size 1024K, 6 young (6144K), 5 survivors (5120K)
 Metaspace       used 21228K, committed 21632K, reserved 1114112K
  class space    used 2561K, committed 2752K, reserved 1048576K
}
Event: 6.523 GC heap after
{Heap after GC invocations=7 (full 0):
 garbage-first heap   total 37888K, used 10680K [0x0000000089800000, 0x0000000100000000)
  region size 1024K, 1 young (1024K), 1 survivors (1024K)
 Metaspace       used 21228K, committed 21632K, reserved 1114112K
  class space    used 2561K, committed 2752K, reserved 1048576K
}
Event: 6.561 GC heap before
{Heap before GC invocations=7 (full 0):
 garbage-first heap   total 37888K, used 28088K [0x0000000089800000, 0x0000000100000000)
  region size 1024K, 18 young (18432K), 1 survivors (1024K)
 Metaspace       used 21240K, committed 21632K, reserved 1114112K
  class space    used 2561K, committed 2752K, reserved 1048576K
}
Event: 6.562 GC heap after
{Heap after GC invocations=8 (full 0):
 garbage-first heap   total 37888K, used 10460K [0x0000000089800000, 0x0000000100000000)
  region size 1024K, 1 young (1024K), 1 survivors (1024K)
 Metaspace       used 21240K, committed 21632K, reserved 1114112K
  class space    used 2561K, committed 2752K, reserved 1048576K
}
Event: 6.586 GC heap before
{Heap before GC invocations=8 (full 0):
 garbage-first heap   total 37888K, used 28892K [0x0000000089800000, 0x0000000100000000)
  region size 1024K, 19 young (19456K), 1 survivors (1024K)
 Metaspace       used 21240K, committed 21632K, reserved 1114112K
  class space    used 2561K, committed 2752K, reserved 1048576K
}
Event: 6.587 GC heap after
{Heap after GC invocations=9 (full 0):
 garbage-first heap   total 98304K, used 10296K [0x0000000089800000, 0x0000000100000000)
  region size 1024K, 1 young (1024K), 1 survivors (1024K)
 Metaspace       used 21240K, committed 21632K, reserved 1114112K
  class space    used 2561K, committed 2752K, reserved 1048576K
}

